********************************************************************************
*                             Initializing Cubiquity                           *
********************************************************************************
[12:52:51, Info   ]: Creating empty voxel database as 'C:/Users/RUNEBA~1/AppData/Local/Temp/DefaultCompany/SandVacSim/0BDF76FC.vdb'
[12:52:55, Info   ]: Resizing compressed data buffer to 288486bytes. This should only happen once
[12:52:57, Info   ]: Creating empty voxel database as 'C:/Users/RUNEBA~1/AppData/Local/Temp/DefaultCompany/SandVacSim/23304320.vdb'
[13:00:33, Info   ]: Resizing compressed data buffer to 288486bytes. This should only happen once
[13:00:33, Info   ]: Creating empty voxel database as 'C:/Users/RUNEBA~1/AppData/Local/Temp/DefaultCompany/SandVacSim/6758EC93.vdb'
[13:00:42, Info   ]: Resizing compressed data buffer to 288486bytes. This should only happen once
[13:00:43, Info   ]: Creating empty voxel database as 'C:/Users/RUNEBA~1/AppData/Local/Temp/DefaultCompany/SandVacSim/64636DDA.vdb'
[13:01:52, Info   ]: Resizing compressed data buffer to 288486bytes. This should only happen once
[13:01:52, Info   ]: Creating empty voxel database as 'C:/Users/RUNEBA~1/AppData/Local/Temp/DefaultCompany/SandVacSim/227FA6BC.vdb'
[13:23:34, Info   ]: Resizing compressed data buffer to 288486bytes. This should only happen once
[13:23:35, Info   ]: Creating empty voxel database as 'C:/Users/RUNEBA~1/AppData/Local/Temp/DefaultCompany/SandVacSim/29E7E989.vdb'
[13:29:05, Info   ]: Resizing compressed data buffer to 288486bytes. This should only happen once
[13:29:05, Info   ]: Creating empty voxel database as 'C:/Users/RUNEBA~1/AppData/Local/Temp/DefaultCompany/SandVacSim/39923534.vdb'
[13:29:15, Info   ]: Resizing compressed data buffer to 288486bytes. This should only happen once
[13:29:16, Info   ]: Creating empty voxel database as 'C:/Users/RUNEBA~1/AppData/Local/Temp/DefaultCompany/SandVacSim/178FC9EA.vdb'
[13:32:15, Info   ]: Resizing compressed data buffer to 288486bytes. This should only happen once
[13:32:16, Info   ]: Creating empty voxel database as 'C:/Users/RUNEBA~1/AppData/Local/Temp/DefaultCompany/SandVacSim/2BAA76FC.vdb'
[14:09:27, Info   ]: Resizing compressed data buffer to 288486bytes. This should only happen once
[14:09:28, Info   ]: Creating empty voxel database as 'C:/Users/RUNEBA~1/AppData/Local/Temp/DefaultCompany/SandVacSim/259A1F61.vdb'
